<?xml version="1.0" encoding="UTF-8"?>
<!-- Generated by org.testng.reporters.JUnitXMLReporter -->
<testsuite ignored="0" hostname="DESKTOP-A28HCJH" failures="0" tests="3" name="Test" time="14.086" errors="0" timestamp="2023-01-24T15:42:02 PST">
  <testcase classname="com.generic.CostcoWithTestNG" name="getTest" time="0.014"/>
  <testcase classname="com.generic.GoogleWithTestNg" name="getTest" time="0.004"/>
  <testcase classname="com.generic.LumaWithTestNG" name="getTest" time="0.004"/>
</testsuite> <!-- Test -->
