<?xml version="1.0" encoding="UTF-8"?>
<testng-results ignored="0" total="3" passed="3" failed="0" skipped="0">
  <reporter-output>
  </reporter-output>
  <suite started-at="2023-01-24T15:41:48 PST" name="Suite" finished-at="2023-01-24T15:42:02 PST" duration-ms="14086">
    <groups>
    </groups>
    <test started-at="2023-01-24T15:41:48 PST" name="Test" finished-at="2023-01-24T15:42:02 PST" duration-ms="14086">
      <class name="com.generic.CostcoWithTestNG">
        <test-method is-config="true" signature="getSetup()[pri:0, instance:com.generic.CostcoWithTestNG@4550bb58]" started-at="2023-01-24T15:41:48 PST" name="getSetup" finished-at="2023-01-24T15:41:57 PST" duration-ms="8679" status="PASS">
          <reporter-output>
          </reporter-output>
        </test-method> <!-- getSetup -->
        <test-method signature="getTest()[pri:0, instance:com.generic.CostcoWithTestNG@4550bb58]" started-at="2023-01-24T15:42:02 PST" name="getTest" finished-at="2023-01-24T15:42:02 PST" duration-ms="14" status="PASS">
          <reporter-output>
          </reporter-output>
        </test-method> <!-- getTest -->
        <test-method is-config="true" signature="teardown()[pri:0, instance:com.generic.CostcoWithTestNG@4550bb58]" started-at="2023-01-24T15:42:02 PST" name="teardown" finished-at="2023-01-24T15:42:02 PST" duration-ms="5" status="PASS">
          <reporter-output>
          </reporter-output>
        </test-method> <!-- teardown -->
      </class> <!-- com.generic.CostcoWithTestNG -->
      <class name="com.generic.LumaWithTestNG">
        <test-method is-config="true" signature="getSetup()[pri:0, instance:com.generic.LumaWithTestNG@67c27493]" started-at="2023-01-24T15:41:59 PST" name="getSetup" finished-at="2023-01-24T15:42:02 PST" duration-ms="2966" status="PASS">
          <reporter-output>
          </reporter-output>
        </test-method> <!-- getSetup -->
        <test-method signature="getTest()[pri:0, instance:com.generic.LumaWithTestNG@67c27493]" started-at="2023-01-24T15:42:02 PST" name="getTest" finished-at="2023-01-24T15:42:02 PST" duration-ms="4" status="PASS">
          <reporter-output>
          </reporter-output>
        </test-method> <!-- getTest -->
        <test-method is-config="true" signature="teardown()[pri:0, instance:com.generic.LumaWithTestNG@67c27493]" started-at="2023-01-24T15:42:02 PST" name="teardown" finished-at="2023-01-24T15:42:02 PST" duration-ms="1" status="PASS">
          <reporter-output>
          </reporter-output>
        </test-method> <!-- teardown -->
      </class> <!-- com.generic.LumaWithTestNG -->
      <class name="com.generic.GoogleWithTestNg">
        <test-method is-config="true" signature="getSetup()[pri:0, instance:com.generic.GoogleWithTestNg@77fbd92c]" started-at="2023-01-24T15:41:57 PST" name="getSetup" finished-at="2023-01-24T15:41:59 PST" duration-ms="2319" status="PASS">
          <reporter-output>
          </reporter-output>
        </test-method> <!-- getSetup -->
        <test-method signature="getTest()[pri:0, instance:com.generic.GoogleWithTestNg@77fbd92c]" started-at="2023-01-24T15:42:02 PST" name="getTest" finished-at="2023-01-24T15:42:02 PST" duration-ms="4" status="PASS">
          <reporter-output>
          </reporter-output>
        </test-method> <!-- getTest -->
        <test-method is-config="true" signature="teardown()[pri:0, instance:com.generic.GoogleWithTestNg@77fbd92c]" started-at="2023-01-24T15:42:02 PST" name="teardown" finished-at="2023-01-24T15:42:02 PST" duration-ms="0" status="PASS">
          <reporter-output>
          </reporter-output>
        </test-method> <!-- teardown -->
      </class> <!-- com.generic.GoogleWithTestNg -->
    </test> <!-- Test -->
  </suite> <!-- Suite -->
</testng-results>
