<?xml version="1.0" encoding="UTF-8"?>
<testng-results ignored="0" total="1" passed="1" failed="0" skipped="0">
  <reporter-output>
  </reporter-output>
  <suite started-at="2022-11-22T14:32:39 PST" name="Default suite" finished-at="2022-11-22T14:32:48 PST" duration-ms="9450">
    <groups>
      <group name="cucumber">
        <method signature="AbstractTestNGCucumberTests.runScenario(cucumber.api.testng.PickleEventWrapper,cucumber.api.testng.CucumberFeatureWrapper)[pri:0, instance:com.cucumberrunner.CucumberRunner@6cf0e0ba]" name="runScenario" class="cucumber.api.testng.AbstractTestNGCucumberTests"/>
      </group> <!-- cucumber -->
    </groups>
    <test started-at="2022-11-22T14:32:39 PST" name="Default test" finished-at="2022-11-22T14:32:48 PST" duration-ms="9450">
      <class name="com.cucumberrunner.CucumberRunner">
        <test-method is-config="true" signature="setUpClass()[pri:0, instance:com.cucumberrunner.CucumberRunner@6cf0e0ba]" started-at="2022-11-22T14:32:39 PST" name="setUpClass" finished-at="2022-11-22T14:32:39 PST" duration-ms="124" status="PASS">
          <reporter-output>
          </reporter-output>
        </test-method> <!-- setUpClass -->
        <test-method signature="runScenario(cucumber.api.testng.PickleEventWrapper,cucumber.api.testng.CucumberFeatureWrapper)[pri:0, instance:com.cucumberrunner.CucumberRunner@6cf0e0ba]" started-at="2022-11-22T14:32:39 PST" name="runScenario" description="Runs Cucumber Scenarios" data-provider="scenarios" finished-at="2022-11-22T14:32:48 PST" duration-ms="9201" status="PASS">
          <params>
            <param index="0">
              <value>
                <![CDATA["As a Luma application user, I have to login with valid credential."]]>
              </value>
            </param>
            <param index="1">
              <value>
                <![CDATA["Login function test"]]>
              </value>
            </param>
          </params>
          <reporter-output>
          </reporter-output>
        </test-method> <!-- runScenario -->
        <test-method is-config="true" signature="tearDownClass()[pri:0, instance:com.cucumberrunner.CucumberRunner@6cf0e0ba]" started-at="2022-11-22T14:32:48 PST" name="tearDownClass" finished-at="2022-11-22T14:32:48 PST" duration-ms="40" status="PASS">
          <reporter-output>
          </reporter-output>
        </test-method> <!-- tearDownClass -->
      </class> <!-- com.cucumberrunner.CucumberRunner -->
    </test> <!-- Default test -->
  </suite> <!-- Default suite -->
</testng-results>
